<?xml version="1.0" encoding="UTF-8"?>
<testng-results ignored="0" total="1" passed="1" failed="0" skipped="0">
  <reporter-output>
  </reporter-output>
  <suite started-at="2024-07-01T10:26:50 IST" name="Default suite" finished-at="2024-07-01T10:26:58 IST" duration-ms="7777">
    <groups>
    </groups>
    <test started-at="2024-07-01T10:26:50 IST" name="Default test" finished-at="2024-07-01T10:26:58 IST" duration-ms="7777">
      <class name="DDT.FetchDataFromDataBaseTest">
        <test-method is-config="true" signature="bs()[pri:0, instance:DDT.FetchDataFromDataBaseTest@65c7a252]" started-at="2024-07-01T10:26:50 IST" name="bs" finished-at="2024-07-01T10:26:50 IST" duration-ms="17" status="PASS">
          <reporter-output>
          </reporter-output>
        </test-method> <!-- bs -->
        <test-method is-config="true" signature="bt()[pri:0, instance:DDT.FetchDataFromDataBaseTest@65c7a252]" started-at="2024-07-01T10:26:50 IST" name="bt" finished-at="2024-07-01T10:26:50 IST" duration-ms="0" status="PASS">
          <reporter-output>
          </reporter-output>
        </test-method> <!-- bt -->
        <test-method is-config="true" signature="bc()[pri:0, instance:DDT.FetchDataFromDataBaseTest@65c7a252]" started-at="2024-07-01T10:26:50 IST" name="bc" finished-at="2024-07-01T10:26:52 IST" duration-ms="1550" status="PASS">
          <reporter-output>
          </reporter-output>
        </test-method> <!-- bc -->
        <test-method is-config="true" signature="bm()[pri:0, instance:DDT.FetchDataFromDataBaseTest@65c7a252]" started-at="2024-07-01T10:26:52 IST" name="bm" finished-at="2024-07-01T10:26:55 IST" duration-ms="3209" status="PASS">
          <reporter-output>
          </reporter-output>
        </test-method> <!-- bm -->
        <test-method signature="FetchDataFromDataBaseTest()[pri:0, instance:DDT.FetchDataFromDataBaseTest@65c7a252]" started-at="2024-07-01T10:26:55 IST" name="FetchDataFromDataBaseTest" finished-at="2024-07-01T10:26:56 IST" duration-ms="484" status="PASS">
          <reporter-output>
          </reporter-output>
        </test-method> <!-- FetchDataFromDataBaseTest -->
        <test-method is-config="true" signature="am()[pri:0, instance:DDT.FetchDataFromDataBaseTest@65c7a252]" started-at="2024-07-01T10:26:56 IST" name="am" finished-at="2024-07-01T10:26:58 IST" duration-ms="2349" status="PASS">
          <reporter-output>
          </reporter-output>
        </test-method> <!-- am -->
        <test-method is-config="true" signature="ac()[pri:0, instance:DDT.FetchDataFromDataBaseTest@65c7a252]" started-at="2024-07-01T10:26:58 IST" name="ac" finished-at="2024-07-01T10:26:58 IST" duration-ms="140" status="PASS">
          <reporter-output>
          </reporter-output>
        </test-method> <!-- ac -->
        <test-method is-config="true" signature="at()[pri:0, instance:DDT.FetchDataFromDataBaseTest@65c7a252]" started-at="2024-07-01T10:26:58 IST" name="at" finished-at="2024-07-01T10:26:58 IST" duration-ms="1" status="PASS">
          <reporter-output>
          </reporter-output>
        </test-method> <!-- at -->
        <test-method is-config="true" signature="as()[pri:0, instance:DDT.FetchDataFromDataBaseTest@65c7a252]" started-at="2024-07-01T10:26:58 IST" name="as" finished-at="2024-07-01T10:26:58 IST" duration-ms="105" status="FAIL">
          <exception class="java.sql.SQLException">
            <message>
              <![CDATA[Access denied for user 'root'@'localhost' (using password: YES)]]>
            </message>
            <full-stacktrace>
              <![CDATA[java.sql.SQLException: Access denied for user 'root'@'localhost' (using password: YES)
at com.mysql.cj.jdbc.exceptions.SQLError.createSQLException(SQLError.java:130)
at com.mysql.cj.jdbc.exceptions.SQLExceptionsMapping.translateException(SQLExceptionsMapping.java:122)
at com.mysql.cj.jdbc.ConnectionImpl.createNewIO(ConnectionImpl.java:825)
at com.mysql.cj.jdbc.ConnectionImpl.<init>(ConnectionImpl.java:446)
at com.mysql.cj.jdbc.ConnectionImpl.getInstance(ConnectionImpl.java:239)
at com.mysql.cj.jdbc.NonRegisteringDriver.connect(NonRegisteringDriver.java:188)
at java.sql/java.sql.DriverManager.getConnection(DriverManager.java:681)
at java.sql/java.sql.DriverManager.getConnection(DriverManager.java:229)
at Generic_Utilities.DataBaseUtility.dataBaseClose(DataBaseUtility.java:25)
at Generic_Utilities.BaseClass.as(BaseClass.java:99)
at java.base/jdk.internal.reflect.NativeMethodAccessorImpl.invoke0(Native Method)
at java.base/jdk.internal.reflect.NativeMethodAccessorImpl.invoke(NativeMethodAccessorImpl.java:77)
at java.base/jdk.internal.reflect.DelegatingMethodAccessorImpl.invoke(DelegatingMethodAccessorImpl.java:43)
at java.base/java.lang.reflect.Method.invoke(Method.java:568)
at org.testng.internal.MethodInvocationHelper.invokeMethod(MethodInvocationHelper.java:133)
at org.testng.internal.MethodInvocationHelper.invokeMethodConsideringTimeout(MethodInvocationHelper.java:62)
at org.testng.internal.ConfigInvoker.invokeConfigurationMethod(ConfigInvoker.java:385)
at org.testng.internal.ConfigInvoker.invokeConfigurations(ConfigInvoker.java:321)
at org.testng.SuiteRunner.privateRun(SuiteRunner.java:344)
at org.testng.SuiteRunner.run(SuiteRunner.java:276)
at org.testng.SuiteRunnerWorker.runSuite(SuiteRunnerWorker.java:53)
at org.testng.SuiteRunnerWorker.run(SuiteRunnerWorker.java:96)
at org.testng.TestNG.runSuitesSequentially(TestNG.java:1212)
at org.testng.TestNG.runSuitesLocally(TestNG.java:1134)
at org.testng.TestNG.runSuites(TestNG.java:1063)
at org.testng.TestNG.run(TestNG.java:1031)
at org.testng.remote.AbstractRemoteTestNG.run(AbstractRemoteTestNG.java:115)
at org.testng.remote.RemoteTestNG.initAndRun(RemoteTestNG.java:293)
at org.testng.remote.RemoteTestNG.main(RemoteTestNG.java:91)
]]>
            </full-stacktrace>
          </exception> <!-- java.sql.SQLException -->
          <reporter-output>
          </reporter-output>
        </test-method> <!-- as -->
      </class> <!-- DDT.FetchDataFromDataBaseTest -->
    </test> <!-- Default test -->
  </suite> <!-- Default suite -->
</testng-results>
